[2026-02-19T21:19:11.988+0000] {local_task_job_runner.py:120} INFO - ::group::Pre task execution logs
[2026-02-19T21:19:12.003+0000] {taskinstance.py:2076} INFO - Dependencies all met for dep_context=non-requeueable deps ti=<TaskInstance: minio_to_snowflake.load_snowflake scheduled__2026-02-19T21:13:00+00:00 [queued]>
[2026-02-19T21:19:12.006+0000] {taskinstance.py:2076} INFO - Dependencies all met for dep_context=requeueable deps ti=<TaskInstance: minio_to_snowflake.load_snowflake scheduled__2026-02-19T21:13:00+00:00 [queued]>
[2026-02-19T21:19:12.006+0000] {taskinstance.py:2306} INFO - Starting attempt 2 of 2
[2026-02-19T21:19:12.012+0000] {taskinstance.py:2330} INFO - Executing <Task(PythonOperator): load_snowflake> on 2026-02-19 21:13:00+00:00
[2026-02-19T21:19:12.018+0000] {logging_mixin.py:188} WARNING - /home/***/.local/lib/python3.12/site-packages/***/task/task_runner/standard_task_runner.py:62 DeprecationWarning: This process (pid=80195) is multi-threaded, use of fork() may lead to deadlocks in the child.
[2026-02-19T21:19:12.017+0000] {standard_task_runner.py:90} INFO - Running: ['***', 'tasks', 'run', 'minio_to_snowflake', 'load_snowflake', 'scheduled__2026-02-19T21:13:00+00:00', '--job-id', '251', '--raw', '--subdir', 'DAGS_FOLDER/minio_to_snowflake.py', '--cfg-path', '/tmp/tmpwa48su8t']
[2026-02-19T21:19:12.019+0000] {standard_task_runner.py:91} INFO - Job 251: Subtask load_snowflake
[2026-02-19T21:19:12.019+0000] {standard_task_runner.py:64} INFO - Started process 80207 to run task
[2026-02-19T21:19:12.049+0000] {task_command.py:426} INFO - Running <TaskInstance: minio_to_snowflake.load_snowflake scheduled__2026-02-19T21:13:00+00:00 [running]> on host 0c2666b81705
[2026-02-19T21:19:12.093+0000] {taskinstance.py:2648} INFO - Exporting env vars: AIRFLOW_CTX_DAG_OWNER='***' AIRFLOW_CTX_DAG_ID='minio_to_snowflake' AIRFLOW_CTX_TASK_ID='load_snowflake' AIRFLOW_CTX_EXECUTION_DATE='2026-02-19T21:13:00+00:00' AIRFLOW_CTX_TRY_NUMBER='2' AIRFLOW_CTX_DAG_RUN_ID='scheduled__2026-02-19T21:13:00+00:00'
[2026-02-19T21:19:12.093+0000] {taskinstance.py:430} INFO - ::endgroup::
[2026-02-19T21:19:12.106+0000] {connection.py:408} INFO - Snowflake Connector for Python Version: 3.11.0, Python Version: 3.12.4, Platform: Linux-6.12.67-linuxkit-aarch64-with-glibc2.36
[2026-02-19T21:19:12.107+0000] {connection.py:1258} INFO - This connection is in OCSP Fail Open Mode. TLS Certificates would be checked for validity and revocation status. Any other Certificate Revocation related exceptions or OCSP Responder failures would be disregarded in favor of connectivity.
[2026-02-19T21:19:12.530+0000] {taskinstance.py:441} INFO - ::group::Post task execution logs
[2026-02-19T21:19:12.531+0000] {taskinstance.py:2905} ERROR - Task failed with exception
Traceback (most recent call last):
  File "/home/airflow/.local/lib/python3.12/site-packages/airflow/models/taskinstance.py", line 465, in _execute_task
    result = _execute_callable(context=context, **execute_callable_kwargs)
             ^^^^^^^^^^^^^^^^^^^^^^^^^^^^^^^^^^^^^^^^^^^^^^^^^^^^^^^^^^^^^
  File "/home/airflow/.local/lib/python3.12/site-packages/airflow/models/taskinstance.py", line 432, in _execute_callable
    return execute_callable(context=context, **execute_callable_kwargs)
           ^^^^^^^^^^^^^^^^^^^^^^^^^^^^^^^^^^^^^^^^^^^^^^^^^^^^^^^^^^^^
  File "/home/airflow/.local/lib/python3.12/site-packages/airflow/models/baseoperator.py", line 401, in wrapper
    return func(self, *args, **kwargs)
           ^^^^^^^^^^^^^^^^^^^^^^^^^^^
  File "/home/airflow/.local/lib/python3.12/site-packages/airflow/operators/python.py", line 235, in execute
    return_value = self.execute_callable()
                   ^^^^^^^^^^^^^^^^^^^^^^^
  File "/home/airflow/.local/lib/python3.12/site-packages/airflow/operators/python.py", line 252, in execute_callable
    return self.python_callable(*self.op_args, **self.op_kwargs)
           ^^^^^^^^^^^^^^^^^^^^^^^^^^^^^^^^^^^^^^^^^^^^^^^^^^^^^
  File "/opt/airflow/dags/minio_to_snowflake.py", line 56, in load_to_snowflake
    cur.execute(f"PUT file://{f} @%bronze_stock_quotes_raw")
  File "/home/airflow/.local/lib/python3.12/site-packages/snowflake/connector/cursor.py", line 1080, in execute
    Error.errorhandler_wrapper(self.connection, self, error_class, errvalue)
  File "/home/airflow/.local/lib/python3.12/site-packages/snowflake/connector/errors.py", line 290, in errorhandler_wrapper
    handed_over = Error.hand_to_other_handler(
                  ^^^^^^^^^^^^^^^^^^^^^^^^^^^^
  File "/home/airflow/.local/lib/python3.12/site-packages/snowflake/connector/errors.py", line 345, in hand_to_other_handler
    cursor.errorhandler(connection, cursor, error_class, error_value)
  File "/home/airflow/.local/lib/python3.12/site-packages/snowflake/connector/errors.py", line 221, in default_errorhandler
    raise error_class(
snowflake.connector.errors.ProgrammingError: 002003 (02000): 01c2865f-0206-238d-0004-94aa00013906: SQL compilation error:
Stage 'STOCKDATA.COMMON."%BRONZE_STOCK_QUOTES_RAW"' does not exist or not authorized.
[2026-02-19T21:19:12.543+0000] {taskinstance.py:1206} INFO - Marking task as FAILED. dag_id=minio_to_snowflake, task_id=load_snowflake, run_id=scheduled__2026-02-19T21:13:00+00:00, execution_date=20260219T211300, start_date=20260219T211912, end_date=20260219T211912
[2026-02-19T21:19:12.551+0000] {standard_task_runner.py:110} ERROR - Failed to execute job 251 for task load_snowflake (002003 (02000): 01c2865f-0206-238d-0004-94aa00013906: SQL compilation error:
Stage 'STOCKDATA.COMMON."%BRONZE_STOCK_QUOTES_RAW"' does not exist or not authorized.; 80207)
[2026-02-19T21:19:12.576+0000] {local_task_job_runner.py:243} INFO - Task exited with return code 1
[2026-02-19T21:19:12.622+0000] {taskinstance.py:3503} INFO - 0 downstream tasks scheduled from follow-on schedule check
[2026-02-19T21:19:12.628+0000] {local_task_job_runner.py:222} INFO - ::endgroup::
